<?xml version="1.0" encoding="UTF-8"?>
<testsuite name="org.example.parcialmutantesDS.ParcialMutantesDSApplicationTests" tests="1" skipped="0" failures="0" errors="0" timestamp="2024-10-10T16:55:36" hostname="ISABELLA" time="0.33">
  <properties/>
  <testcase name="contextLoads()" classname="org.example.parcialmutantesDS.ParcialMutantesDSApplicationTests" time="0.33"/>
  <system-out><![CDATA[13:55:33.074 [Test worker] INFO org.springframework.test.context.support.AnnotationConfigContextLoaderUtils -- Could not detect default configuration classes for test class [org.example.parcialmutantes_prog3_romo.ParcialMutantesProg3RomoApplicationTests]: ParcialMutantesProg3RomoApplicationTests does not declare any static, non-private, non-final, nested classes annotated with @Configuration.
13:55:33.167 [Test worker] INFO org.springframework.boot.test.context.SpringBootTestContextBootstrapper -- Found @SpringBootConfiguration org.example.parcialmutantes_prog3_romo.ParcialMutantesProg3RomoApplication for test class org.example.parcialmutantes_prog3_romo.ParcialMutantesProg3RomoApplicationTests

  .   ____          _            __ _ _
 /\\ / ___'_ __ _ _(_)_ __  __ _ \ \ \ \
( ( )\___ | '_ | '_| | '_ \/ _` | \ \ \ \
 \\/  ___)| |_)| | | | | || (_| |  ) ) ) )
  '  |____| .__|_| |_|_| |_\__, | / / / /
 =========|_|==============|___/=/_/_/_/

 :: Spring Boot ::                (v3.3.4)

2024-10-10T13:55:33.470-03:00  INFO 15216 --- [parcialMutantesDS] [    Test worker] ParcialMutantesDSApplicationTests : Starting ParcialMutantesDSApplicationTests using Java 17.0.12 with PID 15216
2024-10-10T13:55:33.470-03:00  INFO 15216 --- [parcialMutantesDS] [    Test worker] ParcialMutantesSApplicationTests : No active profile set, falling back to 1 default profile: "default"
2024-10-10T13:55:34.081-03:00  INFO 15216 --- [parcialMutantesDS] [    Test worker] .s.d.r.c.RepositoryConfigurationDelegate : Bootstrapping Spring Data JPA repositories in DEFAULT mode.
2024-10-10T13:55:34.128-03:00  INFO 15216 --- [[parcialMutantesDS] [    Test worker] .s.d.r.c.RepositoryConfigurationDelegate : Finished Spring Data repository scanning in 42 ms. Found 1 JPA repository interface.
2024-10-10T13:55:34.487-03:00  INFO 15216 --- [[parcialMutantesDS] [    Test worker] o.hibernate.jpa.internal.util.LogHelper  : HHH000204: Processing PersistenceUnitInfo [name: default]
2024-10-10T13:55:34.550-03:00  INFO 15216 --- [parcialMutantesDS] [    Test worker] org.hibernate.Version                    : HHH000412: Hibernate ORM core version 6.5.3.Final
2024-10-10T13:55:34.581-03:00  INFO 15216 --- [parcialMutantesDS] [    Test worker] o.h.c.internal.RegionFactoryInitiator    : HHH000026: Second-level cache disabled
2024-10-10T13:55:34.862-03:00  INFO 15216 --- [parcialMutantesDS] [    Test worker] o.s.o.j.p.SpringPersistenceUnitInfo      : No LoadTimeWeaver setup: ignoring JPA class transformer
2024-10-10T13:55:34.894-03:00  INFO 15216 --- [parcialMutantesDS] [    Test worker] com.zaxxer.hikari.HikariDataSource       : HikariPool-1 - Starting...
2024-10-10T13:55:35.034-03:00  INFO 15216 --- [parcialMutantesDS] [    Test worker] com.zaxxer.hikari.pool.HikariPool        : HikariPool-1 - Added connection conn0: url=jdbc:h2:mem:testdb user=SA
2024-10-10T13:55:35.050-03:00  INFO 15216 --- [parcialMutantesDS] [    Test worker] com.zaxxer.hikari.HikariDataSource       : HikariPool-1 - Start completed.
2024-10-10T13:55:35.065-03:00  WARN 15216 --- [parcialMutantesDS] [    Test worker] org.hibernate.orm.deprecation            : HHH90000025: H2Dialect does not need to be specified explicitly using 'hibernate.dialect' (remove the property setting and it will be selected by default)
2024-10-10T13:55:35.737-03:00  INFO 15216 --- [parcialMutantesDS] [    Test worker] o.h.e.t.j.p.i.JtaPlatformInitiator       : HHH000489: No JTA platform available (set 'hibernate.transaction.jta.platform' to enable JTA platform integration)
Hibernate: drop table if exists mutant cascade 
Hibernate: create table mutant (is_mutant boolean not null, id bigint generated by default as identity, dna varchar(255) not null unique, primary key (id))
2024-10-10T13:55:35.768-03:00  INFO 15216 --- [parcialMutantesDS] [    Test worker] j.LocalContainerEntityManagerFactoryBean : Initialized JPA EntityManagerFactory for persistence unit 'default'
2024-10-10T13:55:36.190-03:00  WARN 15216 --- [parcialMutantesDS] [    Test worker] JpaBaseConfiguration$JpaWebConfiguration : spring.jpa.open-in-view is enabled by default. Therefore, database queries may be performed during view rendering. Explicitly configure spring.jpa.open-in-view to disable this warning
2024-10-10T13:55:36.518-03:00  INFO 15216 --- [parcialMutantesDS] [    Test worker] o.s.b.a.h2.H2ConsoleAutoConfiguration    : H2 console available at '/h2-console'. Database available at 'jdbc:h2:mem:testdb'
2024-10-10T13:55:36.565-03:00  INFO 15216 --- [parcialMutantesDS] [    Test worker] ParcialMutantesDSApplicationTests : Started ParcialMutantesDSApplicationTests in 3.272 seconds (process running for 4.267)
]]></system-out>
  <system-err><![CDATA[]]></system-err>
</testsuite>
