<?xml version="1.0" encoding="UTF-8"?>
<testsuite name="org.example.parcialmutantesDS.MutantServiceTest" tests="8" skipped="0" failures="0" errors="0" timestamp="2024-10-10T16:55:32" hostname="ISABELLA" time="0.022">
  <properties/>
  <testcase name="testMainDiagonals()" classname="org.example.parcialmutantesDS.MutantServiceTest" time="0.014"/>
  <testcase name="testRows()" classname="org.example.parcialmutantesDS.MutantServiceTest" time="0.0"/>
  <testcase name="testDiagonalLeft()" classname="org.example.parcialmutantesDS.MutantServiceTest" time="0.0"/>
  <testcase name="testColumns()" classname="org.example.parcialmutantesDS.MutantServiceTest" time="0.0"/>
  <testcase name="testNonMutant()" classname="org.example.parcialmutantesDS.MutantServiceTest" time="0.001"/>
  <testcase name="testDiagonalRight()" classname="org.example.parcialmutantesDS.MutantServiceTest" time="0.001"/>
  <testcase name="testRowsCols()" classname="org.example.parcialmutantesDS.MutantServiceTest" time="0.001"/>
  <testcase name="testAllDirections()" classname="org.example.parcialmutantesDS.MutantServiceTest" time="0.001"/>
  <system-out><![CDATA[]]></system-out>
  <system-err><![CDATA[]]></system-err>
</testsuite>
